<?xml version="1.0" encoding="UTF-8"?>
<testsuite xmlns:xsi="http://www.w3.org/2001/XMLSchema-instance" xsi:noNamespaceSchemaLocation="https://maven.apache.org/surefire/maven-surefire-plugin/xsd/surefire-test-report-3.0.xsd" version="3.0" name="TestSuite" time="1.508" tests="3" errors="0" skipped="0" failures="0">
  <properties>
[...]
</properties>
  <testcase name="DemoLogs" classname="alpha.Demo" time="0.001">
    <system-out><![CDATA[2022-01-11 19:37:47,184 main DEBUG Apache Log4j Core 2.17.0 initializing configuration XmlConfiguration[location=C:\Users\sumit.sabu\eclipse-workspace\MavenTesting\target\classes\log4j2.xml]
2022-01-11 19:37:47,189 main DEBUG Installed 1 script engine
2022-01-11 19:37:47,372 main DEBUG Oracle Nashorn version: 1.8.0_301, language: ECMAScript, threading: Not Thread Safe, compile: true, names: [nashorn, Nashorn, js, JS, JavaScript, javascript, ECMAScript, ecmascript], factory class: jdk.nashorn.api.scripting.NashornScriptEngineFactory
2022-01-11 19:37:47,373 main DEBUG PluginManager 'Core' found 127 plugins
2022-01-11 19:37:47,373 main DEBUG PluginManager 'Level' found 0 plugins
2022-01-11 19:37:47,377 main DEBUG PluginManager 'Lookup' found 16 plugins
2022-01-11 19:37:47,378 main DEBUG Building Plugin[name=layout, class=org.apache.logging.log4j.core.layout.PatternLayout].
2022-01-11 19:37:47,388 main DEBUG PluginManager 'TypeConverter' found 26 plugins
2022-01-11 19:37:47,399 main DEBUG PatternLayout$Builder(pattern="%d{HH:mm:ss.SSS} [%t] %-5level %logger{36} - %msg%n", PatternSelector=null, Configuration(C:\Users\sumit.sabu\eclipse-workspace\MavenTesting\target\classes\log4j2.xml), Replace=null, charset="null", alwaysWriteExceptions="null", disableAnsi="null", noConsoleNoAnsi="null", header="null", footer="null")
2022-01-11 19:37:47,399 main DEBUG PluginManager 'Converter' found 45 plugins
2022-01-11 19:37:47,400 main DEBUG Building Plugin[name=appender, class=org.apache.logging.log4j.core.appender.ConsoleAppender].
2022-01-11 19:37:47,409 main DEBUG ConsoleAppender$Builder(target="SYSTEM_OUT", follow="null", direct="null", bufferedIo="null", bufferSize="null", immediateFlush="null", ignoreExceptions="null", PatternLayout(%d{HH:mm:ss.SSS} [%t] %-5level %logger{36} - %msg%n), name="LogToConsole", Configuration(C:\Users\sumit.sabu\eclipse-workspace\MavenTesting\target\classes\log4j2.xml), Filter=null, ={})
2022-01-11 19:37:47,410 main DEBUG Starting OutputStreamManager SYSTEM_OUT.false.false
2022-01-11 19:37:47,411 main DEBUG Building Plugin[name=layout, class=org.apache.logging.log4j.core.layout.PatternLayout].
2022-01-11 19:37:47,411 main DEBUG PatternLayout$Builder(pattern="%d %p %c{1.} [%t] %m%n", PatternSelector=null, Configuration(C:\Users\sumit.sabu\eclipse-workspace\MavenTesting\target\classes\log4j2.xml), Replace=null, charset="null", alwaysWriteExceptions="null", disableAnsi="null", noConsoleNoAnsi="null", header="null", footer="null")
2022-01-11 19:37:47,424 main DEBUG Building Plugin[name=TimeBasedTriggeringPolicy, class=org.apache.logging.log4j.core.appender.rolling.TimeBasedTriggeringPolicy].
2022-01-11 19:37:47,426 main DEBUG TimeBasedTriggeringPolicy$Builder(interval="null", modulate="null", maxRandomDelay="null")
2022-01-11 19:37:47,426 main DEBUG Building Plugin[name=SizeBasedTriggeringPolicy, class=org.apache.logging.log4j.core.appender.rolling.SizeBasedTriggeringPolicy].
2022-01-11 19:37:47,429 main DEBUG createPolicy(size="10 MB")
2022-01-11 19:37:47,430 main DEBUG Building Plugin[name=Policies, class=org.apache.logging.log4j.core.appender.rolling.CompositeTriggeringPolicy].
2022-01-11 19:37:47,430 main DEBUG createPolicy(={TimeBasedTriggeringPolicy(nextRolloverMillis=0, interval=1, modulate=false), SizeBasedTriggeringPolicy(size=10485760)})
2022-01-11 19:37:47,431 main DEBUG Building Plugin[name=appender, class=org.apache.logging.log4j.core.appender.RollingFileAppender].
2022-01-11 19:37:47,432 main DEBUG RollingFileAppender$Builder(fileName="logs/ProjectLogs.log", filePattern="logs/${date:yyyy-MM}/app-%d{MM-dd-yyyy}-%i.log.gz", append="null", locking="null", Policies(CompositeTriggeringPolicy(policies=[TimeBasedTriggeringPolicy(nextRolloverMillis=0, interval=1, modulate=false), SizeBasedTriggeringPolicy(size=10485760)])), Strategy=null, advertise="null", advertiseUri="null", createOnDemand="null", filePermissions="null", fileOwner="null", fileGroup="null", bufferedIo="null", bufferSize="null", immediateFlush="null", ignoreExceptions="null", PatternLayout(%d %p %c{1.} [%t] %m%n), name="LogToRollingFile", Configuration(C:\Users\sumit.sabu\eclipse-workspace\MavenTesting\target\classes\log4j2.xml), Filter=null, ={})
2022-01-11 19:37:47,443 main DEBUG Returning file creation time for C:\Users\sumit.sabu\eclipse-workspace\MavenTesting\logs\ProjectLogs.log
2022-01-11 19:37:47,444 main DEBUG Starting RollingFileManager logs/ProjectLogs.log
2022-01-11 19:37:47,445 main DEBUG PluginManager 'FileConverter' found 2 plugins
2022-01-11 19:37:47,448 main DEBUG Setting prev file time to 2022-01-11T18:38:56.867+0530
2022-01-11 19:37:47,448 main DEBUG Initializing triggering policy CompositeTriggeringPolicy(policies=[TimeBasedTriggeringPolicy(nextRolloverMillis=0, interval=1, modulate=false), SizeBasedTriggeringPolicy(size=10485760)])
2022-01-11 19:37:47,449 main DEBUG Initializing triggering policy TimeBasedTriggeringPolicy(nextRolloverMillis=0, interval=1, modulate=false)
2022-01-11 19:37:47,449 main DEBUG Initializing triggering policy SizeBasedTriggeringPolicy(size=10485760)
2022-01-11 19:37:47,450 main DEBUG Building Plugin[name=appender, class=org.apache.logging.log4j.core.appender.SmtpAppender].
2022-01-11 19:37:47,453 main DEBUG SmtpAppender$Builder(to="sabu.sumit@gmail.com", cc="null", bcc="null", from="sabu.sumit@gmail.com", replyTo="null", subject="Error Log From Log4j", smtpProtocol="null", smtpHost="smtp.mailgun.org", smtpPort="25", smtpUsername="sabu.sumit@gmail.com", smtpPassword="*****", smtpDebug="null", bufferSize="100", SSL=null, ignoreExceptions="null", Layout=null, name="LogToMail", Configuration(C:\Users\sumit.sabu\eclipse-workspace\MavenTesting\target\classes\log4j2.xml), Filter=null, ={})
2022-01-11 19:37:47,471 main DEBUG Starting SmtpManager SMTP:sabu.sumit@gmail.com:::sabu.sumit@gmail.com::Error Log From Log4j:smtp:smtp.mailgun.org:25:sabu.sumit@gmail.com::ERROR
2022-01-11 19:37:47,471 main DEBUG Building Plugin[name=appenders, class=org.apache.logging.log4j.core.config.AppendersPlugin].
2022-01-11 19:37:47,472 main DEBUG createAppenders(={LogToConsole, LogToRollingFile, LogToMail})
2022-01-11 19:37:47,495 main DEBUG Building Plugin[name=AppenderRef, class=org.apache.logging.log4j.core.config.AppenderRef].
2022-01-11 19:37:47,495 main DEBUG createAppenderRef(ref="LogToRollingFile", level="null", Filter=null)
2022-01-11 19:37:47,496 main DEBUG Building Plugin[name=AppenderRef, class=org.apache.logging.log4j.core.config.AppenderRef].
2022-01-11 19:37:47,496 main DEBUG createAppenderRef(ref="LogToConsole", level="null", Filter=null)
2022-01-11 19:37:47,496 main DEBUG Building Plugin[name=logger, class=org.apache.logging.log4j.core.config.LoggerConfig].
2022-01-11 19:37:47,497 main DEBUG createLogger(additivity="false", level="TRACE", name="alpha.Demo", includeLocation="null", ={LogToRollingFile, LogToConsole}, ={}, Configuration(C:\Users\sumit.sabu\eclipse-workspace\MavenTesting\target\classes\log4j2.xml), Filter=null)
2022-01-11 19:37:47,499 main DEBUG Building Plugin[name=AppenderRef, class=org.apache.logging.log4j.core.config.AppenderRef].
2022-01-11 19:37:47,499 main DEBUG createAppenderRef(ref="LogToConsole", level="null", Filter=null)
2022-01-11 19:37:47,499 main DEBUG Building Plugin[name=root, class=org.apache.logging.log4j.core.config.LoggerConfig$RootLogger].
2022-01-11 19:37:47,499 main DEBUG createLogger(additivity="null", level="ERROR", includeLocation="null", ={LogToConsole}, ={}, Configuration(C:\Users\sumit.sabu\eclipse-workspace\MavenTesting\target\classes\log4j2.xml), Filter=null)
2022-01-11 19:37:47,500 main DEBUG Building Plugin[name=loggers, class=org.apache.logging.log4j.core.config.LoggersPlugin].
2022-01-11 19:37:47,500 main DEBUG createLoggers(={alpha.Demo, root})
2022-01-11 19:37:47,501 main DEBUG Configuration XmlConfiguration[location=C:\Users\sumit.sabu\eclipse-workspace\MavenTesting\target\classes\log4j2.xml] initialized
2022-01-11 19:37:47,501 main DEBUG Starting configuration XmlConfiguration[location=C:\Users\sumit.sabu\eclipse-workspace\MavenTesting\target\classes\log4j2.xml]
2022-01-11 19:37:47,502 main DEBUG Started configuration XmlConfiguration[location=C:\Users\sumit.sabu\eclipse-workspace\MavenTesting\target\classes\log4j2.xml] OK.
2022-01-11 19:37:47,502 main DEBUG Shutting down OutputStreamManager SYSTEM_OUT.false.false-1
2022-01-11 19:37:47,502 main DEBUG OutputStream closed
2022-01-11 19:37:47,503 main DEBUG Shut down OutputStreamManager SYSTEM_OUT.false.false-1, all resources released: true
2022-01-11 19:37:47,503 main DEBUG Appender DefaultConsole-1 stopped with status true
2022-01-11 19:37:47,504 main DEBUG Stopped org.apache.logging.log4j.core.config.DefaultConfiguration@5fcd892a OK
2022-01-11 19:37:47,535 main DEBUG Registering MBean org.apache.logging.log4j2:type=42a57993
2022-01-11 19:37:47,537 main DEBUG Registering MBean org.apache.logging.log4j2:type=42a57993,component=StatusLogger
2022-01-11 19:37:47,538 main DEBUG Registering MBean org.apache.logging.log4j2:type=42a57993,component=ContextSelector
2022-01-11 19:37:47,539 main DEBUG Registering MBean org.apache.logging.log4j2:type=42a57993,component=Loggers,name=
2022-01-11 19:37:47,540 main DEBUG Registering MBean org.apache.logging.log4j2:type=42a57993,component=Loggers,name=alpha.Demo
2022-01-11 19:37:47,541 main DEBUG Registering MBean org.apache.logging.log4j2:type=42a57993,component=Appenders,name=LogToConsole
2022-01-11 19:37:47,541 main DEBUG Registering MBean org.apache.logging.log4j2:type=42a57993,component=Appenders,name=LogToMail
2022-01-11 19:37:47,541 main DEBUG Registering MBean org.apache.logging.log4j2:type=42a57993,component=Appenders,name=LogToRollingFile
2022-01-11 19:37:47,542 main DEBUG org.apache.logging.log4j.core.util.SystemClock does not support precise timestamps.
2022-01-11 19:37:47,543 main DEBUG Reconfiguration complete for context[name=42a57993] at URI C:\Users\sumit.sabu\eclipse-workspace\MavenTesting\target\classes\log4j2.xml (org.apache.logging.log4j.core.LoggerContext@4b86805d) with optional ClassLoader: null
2022-01-11 19:37:47,543 main DEBUG Shutdown hook enabled. Registering a new one.
2022-01-11 19:37:47,544 main DEBUG LoggerContext[name=42a57993, org.apache.logging.log4j.core.LoggerContext@4b86805d] started OK.
19:37:47.626 [main] DEBUG alpha.Demo - Demo Debug Message
19:37:47.628 [main] INFO  alpha.Demo - Demo Info Message
19:37:47.628 [main] ERROR alpha.Demo - Demo Error Message
19:37:47.628 [main] FATAL alpha.Demo - Demo Fatal Message
]]></system-out>
  </testcase>
  <testcase name="Demo1Logs" classname="beta.Demo1" time="0">
    <system-out><![CDATA[19:37:47.632 [main] ERROR beta.Demo1 - Demo1 Error Message
19:37:47.632 [main] FATAL beta.Demo1 - Demo1 Fatal Message
]]></system-out>
  </testcase>
  <testcase name="Demo2Logs" classname="gamma.Demo2" time="0.001">
    <system-out><![CDATA[19:37:47.633 [main] ERROR gamma.Demo2 - Demo2 Error Message
19:37:47.633 [main] FATAL gamma.Demo2 - Demo2 Fatal Message
]]></system-out>
  </testcase>
</testsuite>